Using pre-set license
Built from '2020.3/china_unity/release' branch; Version is '2020.3.5f1c1 (548653c6c3de) revision 5539411'; Using compiler version '192528614'; Build Type 'Release'
OS: 'Windows 10 Home; OS build 19041.1052; Version 2004; 64bit' Language: 'zh' Physical Memory: 7778 MB
BatchMode: 1, IsHumanControllingUs: 0, StartBugReporterOnCrash: 0, Is64bit: 1, IsPro: 0

 COMMAND LINE ARGUMENTS:
C:\Program Files\Unity\Hub\Editor\2020.3.5f1c1\Editor\Unity.exe
-adb2
-batchMode
-noUpm
-name
AssetImportWorker0
-projectPath
D:/unity聊天室1.0/lalal
-logFile
Logs/AssetImportWorker0.log
-srvPort
62954
Successfully changed project path to: D:/unity聊天室1.0/lalal
D:/unity聊天室1.0/lalal
Using Asset Import Pipeline V2.
Refreshing native plugins compatible for Editor in 26.21 ms, found 0 plugins.
Preloading 0 native plugins for Editor in 0.00 ms.
Initialize engine version: 2020.3.5f1c1 (548653c6c3de)
[Subsystems] Discovering subsystems at path C:/Program Files/Unity/Hub/Editor/2020.3.5f1c1/Editor/Data/Resources/UnitySubsystems
[Subsystems] Discovering subsystems at path D:/unity聊天室1.0/lalal/Assets
GfxDevice: creating device client; threaded=0
Direct3D:
    Version:  Direct3D 11.0 [level 11.1]
    Renderer: Intel(R) Iris(R) Plus Graphics (ID=0x8a5a)
    Vendor:   
    VRAM:     3889 MB
    Driver:   27.20.100.8681
Initialize mono
Mono path[0] = 'C:/Program Files/Unity/Hub/Editor/2020.3.5f1c1/Editor/Data/Managed'
Mono path[1] = 'C:/Program Files/Unity/Hub/Editor/2020.3.5f1c1/Editor/Data/MonoBleedingEdge/lib/mono/unityjit'
Mono config path = 'C:/Program Files/Unity/Hub/Editor/2020.3.5f1c1/Editor/Data/MonoBleedingEdge/etc'
Using monoOptions --debugger-agent=transport=dt_socket,embedding=1,server=y,suspend=n,address=127.0.0.1:56576
Begin MonoManager ReloadAssembly
Registering precompiled unity dll's ...
Register platform support module: C:/Program Files/Unity/Hub/Editor/2020.3.5f1c1/Editor/Data/PlaybackEngines/WindowsStandaloneSupport/UnityEditor.WindowsStandalone.Extensions.dll
Registered in 0.001643 seconds.
Native extension for WindowsStandalone target not found
Refreshing native plugins compatible for Editor in 30.71 ms, found 0 plugins.
Preloading 0 native plugins for Editor in 0.00 ms.
Mono: successfully reloaded assembly
- Completed reload, in  1.246 seconds
Platform modules already initialized, skipping
Registering precompiled user dll's ...
Registered in 0.003205 seconds.
Begin MonoManager ReloadAssembly
Native extension for WindowsStandalone target not found
Refreshing native plugins compatible for Editor in 0.27 ms, found 0 plugins.
Preloading 0 native plugins for Editor in 0.00 ms.
Mono: successfully reloaded assembly
- Completed reload, in  1.146 seconds
Platform modules already initialized, skipping
========================================================================
Worker process is ready to serve import requests
Launched and connected shader compiler UnityShaderCompiler.exe after 0.04 seconds
Refreshing native plugins compatible for Editor in 0.24 ms, found 0 plugins.
Preloading 0 native plugins for Editor in 0.00 ms.
Unloading 1375 Unused Serialized files (Serialized files now loaded: 0)
System memory in use before: 78.9 MB.
System memory in use after: 79.0 MB.

Unloading 15 unused Assets to reduce memory usage. Loaded Objects now: 1828.
Total: 1.955300 ms (FindLiveObjects: 0.232500 ms CreateObjectMapping: 0.095800 ms MarkObjects: 1.521900 ms  DeleteObjects: 0.103300 ms)

========================================================================
Received Import Request.
  path: Assets/script/chatRoom.cs
  artifactKey: Guid(e3f35370f61555746934c7a5731d9aef) Importer(815301076,1909f56bfc062723c751e8b465ee728b)
Start importing Assets/script/chatRoom.cs using Guid(e3f35370f61555746934c7a5731d9aef) Importer(815301076,1909f56bfc062723c751e8b465ee728b)  -> (artifact id: 'e636def30562cd7bafc62c1c473cab06') in 0.054904 seconds
  Import took 0.060906 seconds .

AssetImportWorkerClient::OnTransportError - code=2 error=End of file
