Using pre-set license
Built from '2020.3/china_unity/release' branch; Version is '2020.3.5f1c1 (548653c6c3de) revision 5539411'; Using compiler version '192528614'; Build Type 'Release'
OS: 'Windows 10 Home China; OS build 19043.1237; Version 2009; 64bit' Language: 'zh' Physical Memory: 16146 MB
BatchMode: 1, IsHumanControllingUs: 0, StartBugReporterOnCrash: 0, Is64bit: 1, IsPro: 0

 COMMAND LINE ARGUMENTS:
D:\2020.3.5f1c1\Editor\Unity.exe
-adb2
-batchMode
-noUpm
-name
AssetImportWorker0
-projectPath
D:/Github_personal_file/ChatRoom_Demo/unity聊天室2.0/lalal
-logFile
Logs/AssetImportWorker0.log
-srvPort
50527
Successfully changed project path to: D:/Github_personal_file/ChatRoom_Demo/unity聊天室2.0/lalal
D:/Github_personal_file/ChatRoom_Demo/unity聊天室2.0/lalal
Using Asset Import Pipeline V2.
Refreshing native plugins compatible for Editor in 23.55 ms, found 0 plugins.
Preloading 0 native plugins for Editor in 0.00 ms.
Initialize engine version: 2020.3.5f1c1 (548653c6c3de)
[Subsystems] Discovering subsystems at path D:/2020.3.5f1c1/Editor/Data/Resources/UnitySubsystems
[Subsystems] Discovering subsystems at path D:/Github_personal_file/ChatRoom_Demo/unity聊天室2.0/lalal/Assets
GfxDevice: creating device client; threaded=0
Direct3D:
    Version:  Direct3D 11.0 [level 11.1]
    Renderer: NVIDIA GeForce RTX 3070 Laptop GPU (ID=0x24dd)
    Vendor:   
    VRAM:     8044 MB
    Driver:   30.0.14.7196
Initialize mono
Mono path[0] = 'D:/2020.3.5f1c1/Editor/Data/Managed'
Mono path[1] = 'D:/2020.3.5f1c1/Editor/Data/MonoBleedingEdge/lib/mono/unityjit'
Mono config path = 'D:/2020.3.5f1c1/Editor/Data/MonoBleedingEdge/etc'
Using monoOptions --debugger-agent=transport=dt_socket,embedding=1,server=y,suspend=n,address=127.0.0.1:56544
Begin MonoManager ReloadAssembly
Registering precompiled unity dll's ...
Register platform support module: D:/2020.3.5f1c1/Editor/Data/PlaybackEngines/MacStandaloneSupport/UnityEditor.OSXStandalone.Extensions.dll
Register platform support module: D:/2020.3.5f1c1/Editor/Data/PlaybackEngines/WindowsStandaloneSupport/UnityEditor.WindowsStandalone.Extensions.dll
Registered in 0.001088 seconds.
Native extension for WindowsStandalone target not found
Native extension for OSXStandalone target not found
Refreshing native plugins compatible for Editor in 24.04 ms, found 0 plugins.
Preloading 0 native plugins for Editor in 0.00 ms.
Mono: successfully reloaded assembly
- Completed reload, in  1.860 seconds
Platform modules already initialized, skipping
Registering precompiled user dll's ...
Registered in 0.002955 seconds.
Begin MonoManager ReloadAssembly
Native extension for WindowsStandalone target not found
Native extension for OSXStandalone target not found
Refreshing native plugins compatible for Editor in 0.23 ms, found 0 plugins.
Preloading 0 native plugins for Editor in 0.00 ms.
Mono: successfully reloaded assembly
- Completed reload, in  0.886 seconds
Platform modules already initialized, skipping
========================================================================
Worker process is ready to serve import requests
Launched and connected shader compiler UnityShaderCompiler.exe after 0.05 seconds
Refreshing native plugins compatible for Editor in 0.27 ms, found 0 plugins.
Preloading 0 native plugins for Editor in 0.00 ms.
Unloading 1376 Unused Serialized files (Serialized files now loaded: 0)
System memory in use before: 78.9 MB.
System memory in use after: 79.0 MB.

Unloading 15 unused Assets to reduce memory usage. Loaded Objects now: 1829.
Total: 1.760000 ms (FindLiveObjects: 0.170100 ms CreateObjectMapping: 0.055800 ms MarkObjects: 1.471100 ms  DeleteObjects: 0.062000 ms)

========================================================================
Received Import Request.
  path: Assets/photo
  artifactKey: Guid(ce4781ad658ca1a4db12baa3d2db1b49) Importer(815301076,1909f56bfc062723c751e8b465ee728b)
Start importing Assets/photo using Guid(ce4781ad658ca1a4db12baa3d2db1b49) Importer(815301076,1909f56bfc062723c751e8b465ee728b)  -> (artifact id: '5094ae81a8e57de60effe52bda048b5e') in 0.006739 seconds
  Import took 0.009683 seconds .

========================================================================
Received Import Request.
  Time since last request: 0.000342 seconds.
  path: Assets/photo/back1.png
  artifactKey: Guid(5ebd219409f4fc441a2837a4014f61ae) Importer(815301076,1909f56bfc062723c751e8b465ee728b)
Start importing Assets/photo/back1.png using Guid(5ebd219409f4fc441a2837a4014f61ae) Importer(815301076,1909f56bfc062723c751e8b465ee728b)  -> (artifact id: 'f9f8912cb28c4c50bab3cbeb0e6dbeda') in 0.098324 seconds
  Import took 0.100766 seconds .

========================================================================
Received Prepare
Registering precompiled user dll's ...
Registered in 0.002984 seconds.
Begin MonoManager ReloadAssembly
Native extension for WindowsStandalone target not found
Native extension for OSXStandalone target not found
Refreshing native plugins compatible for Editor in 0.30 ms, found 0 plugins.
Preloading 0 native plugins for Editor in 0.00 ms.
Mono: successfully reloaded assembly
- Completed reload, in  0.849 seconds
Platform modules already initialized, skipping
Refreshing native plugins compatible for Editor in 0.29 ms, found 0 plugins.
Preloading 0 native plugins for Editor in 0.00 ms.
Unloading 1370 Unused Serialized files (Serialized files now loaded: 0)
System memory in use before: 78.8 MB.
System memory in use after: 78.9 MB.

Unloading 10 unused Assets to reduce memory usage. Loaded Objects now: 1834.
Total: 1.507800 ms (FindLiveObjects: 0.142600 ms CreateObjectMapping: 0.045300 ms MarkObjects: 1.307900 ms  DeleteObjects: 0.011200 ms)

========================================================================
Received Import Request.
  Time since last request: 405.573289 seconds.
  path: Assets/preb table/Canvas.prefab
  artifactKey: Guid(cef0baed6b73cc446be245519a87f1ed) Importer(815301076,1909f56bfc062723c751e8b465ee728b)
Start importing Assets/preb table/Canvas.prefab using Guid(cef0baed6b73cc446be245519a87f1ed) Importer(815301076,1909f56bfc062723c751e8b465ee728b)  -> (artifact id: 'ffe2c111f2e3ba8def5ed978921cff56') in 0.050531 seconds
  Import took 0.052796 seconds .

========================================================================
Received Import Request.
  Time since last request: 0.000199 seconds.
  path: Assets/preb table/register.prefab
  artifactKey: Guid(06ec2656a54030b428789b914f3fba8a) Importer(815301076,1909f56bfc062723c751e8b465ee728b)
Start importing Assets/preb table/register.prefab using Guid(06ec2656a54030b428789b914f3fba8a) Importer(815301076,1909f56bfc062723c751e8b465ee728b)  -> (artifact id: '39bc8532cf8069bb54315ae74394875c') in 0.010389 seconds
  Import took 0.012409 seconds .

========================================================================
Received Import Request.
  Time since last request: 17.145681 seconds.
  path: Assets/preb table/back.mat
  artifactKey: Guid(af7594628881feb49b0fa45bd1722e73) Importer(815301076,1909f56bfc062723c751e8b465ee728b)
Start importing Assets/preb table/back.mat using Guid(af7594628881feb49b0fa45bd1722e73) Importer(815301076,1909f56bfc062723c751e8b465ee728b)  -> (artifact id: '368e33c5bd252d37638f57aa7b933d1d') in 0.074382 seconds
  Import took 0.076438 seconds .

AssetImportWorkerClient::OnTransportError - code=2 error=End of file
